16:27:28.577 [main] INFO  TestCase.TC005_gymResults - Clicking the subcategory menu and getting and printing the subcategory elements ...
16:28:04.755 [main] INFO  TestCase.TC005_gymResults - Selecting i'm on raoming mode ...
16:28:05.631 [main] INFO  TestCase.TC005_gymResults - Selecting the country : India ...
16:28:46.978 [main] INFO  TestCase.TC005_gymResults - Selecting the city : Bangalore ...
16:28:55.665 [main] INFO  TestCase.TC005_gymResults - Giving the input inthe searchbox...
16:29:18.354 [main] INFO  TestCase.TC005_gymResults - Clicking the search button ...
16:30:02.721 [main] INFO  TestCase.TC005_gymResults - Getting the list of Car Washing centers with more than 4* rating ...
16:30:27.012 [main] INFO  TestCase.TC005_gymResults - Clicking on the review button and writing a review ...
16:30:42.977 [main] INFO  TestCase.TC005_gymResults - Clicking on the free listiing button ...
16:31:03.057 [main] INFO  TestCase.TC005_gymResults - Clickcing on the ClickHereToLogin button ...
16:31:23.103 [main] INFO  TestCase.TC005_gymResults - Entering invalid username and password  ...
16:31:29.612 [main] INFO  TestCase.TC005_gymResults - Getting the error message and printing it ...
16:31:29.640 [main] INFO  TestCase.TC005_gymResults - Scrolling till the gym and clicking the gym button ...
16:31:29.652 [main] INFO  TestCase.TC005_gymResults - Clicking the subcategory menu and getting and printing the subcategory elements ...
16:31:51.108 [main] INFO  TestCase.TC005_gymResults - Selecting i'm on raoming mode ...
16:31:53.973 [main] INFO  TestCase.TC005_gymResults - Selecting the country : India ...
16:31:58.953 [main] INFO  TestCase.TC005_gymResults - Selecting the city : Bangalore ...
16:32:04.511 [main] INFO  TestCase.TC005_gymResults - Giving the input inthe searchbox...
16:32:27.946 [main] INFO  TestCase.TC005_gymResults - Clicking the search button ...
16:32:51.758 [main] INFO  TestCase.TC005_gymResults - Getting the list of Car Washing centers with more than 4* rating ...
16:33:18.184 [main] INFO  TestCase.TC005_gymResults - Clicking on the review button and writing a review ...
16:33:32.224 [main] INFO  TestCase.TC005_gymResults - Clicking on the free listiing button ...
16:33:33.341 [main] INFO  TestCase.TC005_gymResults - Clickcing on the ClickHereToLogin button ...
16:35:35.832 [main] INFO  TestCase.TC005_gymResults - Selecting i'm on raoming mode ...
16:35:38.452 [main] INFO  TestCase.TC005_gymResults - Selecting the country : India ...
16:35:43.544 [main] INFO  TestCase.TC005_gymResults - Selecting the city : Bangalore ...
16:35:58.696 [main] INFO  TestCase.TC005_gymResults - Giving the input inthe searchbox...
16:36:21.809 [main] INFO  TestCase.TC005_gymResults - Clicking the search button ...
16:36:45.772 [main] INFO  TestCase.TC005_gymResults - Getting the list of Car Washing centers with more than 4* rating ...
16:37:12.346 [main] INFO  TestCase.TC005_gymResults - Clicking on the review button and writing a review ...
16:38:08.275 [main] INFO  TestCase.TC005_gymResults - Clicking on the free listiing button ...
16:38:34.784 [main] INFO  TestCase.TC005_gymResults - Clickcing on the ClickHereToLogin button ...
16:38:57.092 [main] INFO  TestCase.TC005_gymResults - Entering invalid username and password  ...
16:39:21.913 [main] INFO  TestCase.TC005_gymResults - Getting the error message and printing it ...
16:40:10.008 [main] INFO  TestCase.TC005_gymResults - Scrolling till the gym and clicking the gym button ...
16:40:22.088 [main] INFO  TestCase.TC005_gymResults - Clicking the subcategory menu and getting and printing the subcategory elements ...
16:40:36.928 [main] INFO  TestCase.TC005_gymResults - Selecting i'm on raoming mode ...
16:40:40.132 [main] INFO  TestCase.TC005_gymResults - Selecting the country : India ...
16:40:44.536 [main] INFO  TestCase.TC005_gymResults - Selecting the city : Bangalore ...
16:40:50.022 [main] INFO  TestCase.TC005_gymResults - Giving the input inthe searchbox...
16:41:12.997 [main] INFO  TestCase.TC005_gymResults - Clicking the search button ...
16:41:56.815 [main] INFO  TestCase.TC005_gymResults - Getting the list of Car Washing centers with more than 4* rating ...
16:42:21.286 [main] INFO  TestCase.TC005_gymResults - Clicking on the review button and writing a review ...
16:42:33.820 [main] INFO  TestCase.TC005_gymResults - Clicking on the free listiing button ...
16:42:35.015 [main] INFO  TestCase.TC005_gymResults - Clickcing on the ClickHereToLogin button ...
16:42:55.086 [main] INFO  TestCase.TC005_gymResults - Entering invalid username and password  ...
16:43:15.228 [main] INFO  TestCase.TC005_gymResults - Getting the error message and printing it ...
16:44:02.064 [main] INFO  TestCase.TC005_gymResults - Scrolling till the gym and clicking the gym button ...
16:44:22.086 [main] INFO  TestCase.TC005_gymResults - Clicking the subcategory menu and getting and printing the subcategory elements ...
16:45:01.214 [main] INFO  TestCase.TC005_gymResults - Selecting i'm on raoming mode ...
16:45:22.160 [main] INFO  TestCase.TC005_gymResults - Selecting the country : India ...
