22:11:46.126 [main] INFO  TestCase.TC005_gymResults - Clicking on the review button and writing a review ...
22:12:26.379 [main] INFO  TestCase.TC005_gymResults - Clicking on the review button and writing a review ...
22:13:06.498 [main] INFO  TestCase.TC005_gymResults - Clicking on the free listiing button ...
22:56:33.278 [main] INFO  TestCase.TC005_gymResults - Selecting i'm on raoming mode ...
22:56:56.155 [main] INFO  TestCase.TC005_gymResults - Selecting the country : India ...
22:57:08.542 [main] INFO  TestCase.TC005_gymResults - Selecting the city : Bangalore ...
22:57:22.724 [main] INFO  TestCase.TC005_gymResults - Giving the input in the searchbox...
22:57:52.031 [main] INFO  TestCase.TC005_gymResults - Getting the list of Car Washing centers with more than 4* rating ...
22:58:04.550 [main] INFO  TestCase.TC005_gymResults - Clicking on the review button and writing a review ...
22:58:21.014 [main] INFO  TestCase.TC005_gymResults - Clicking on the review button and writing a review ...
22:58:52.400 [main] INFO  TestCase.TC005_gymResults - Clicking on the review button and writing a review ...
22:59:05.823 [main] INFO  TestCase.TC005_gymResults - Clicking on the free listiing button ...
22:59:23.442 [main] INFO  TestCase.TC005_gymResults - Clickcing on the ClickHereToLogin button ...
22:59:35.000 [main] INFO  TestCase.TC005_gymResults - Entering invalid username and password  ...
22:59:38.482 [main] INFO  TestCase.TC005_gymResults - Getting the error message and printing it ...
22:59:41.161 [main] INFO  TestCase.TC005_gymResults - Scrolling till the gym and clicking the gym button ...
23:00:04.153 [main] INFO  TestCase.TC005_gymResults - Clicking the subcategory menu and getting and printing the subcategory elements ...
23:00:41.151 [main] INFO  TestCase.TC005_gymResults - Selecting i'm on raoming mode ...
23:01:03.003 [main] INFO  TestCase.TC005_gymResults - Selecting the country : India ...
23:01:14.937 [main] INFO  TestCase.TC005_gymResults - Selecting the city : Bangalore ...
23:01:28.962 [main] INFO  TestCase.TC005_gymResults - Giving the input in the searchbox...
23:01:57.918 [main] INFO  TestCase.TC005_gymResults - Getting the list of Car Washing centers with more than 4* rating ...
23:02:05.193 [main] INFO  TestCase.TC005_gymResults - Clicking on the review button and writing a review ...
23:02:33.655 [main] INFO  TestCase.TC005_gymResults - Clicking on the review button and writing a review ...
23:03:03.177 [main] INFO  TestCase.TC005_gymResults - Clicking on the review button and writing a review ...
23:03:16.406 [main] INFO  TestCase.TC005_gymResults - Clicking on the free listiing button ...
23:03:32.515 [main] INFO  TestCase.TC005_gymResults - Clickcing on the ClickHereToLogin button ...
23:03:44.263 [main] INFO  TestCase.TC005_gymResults - Entering invalid username and password  ...
23:03:47.886 [main] INFO  TestCase.TC005_gymResults - Getting the error message and printing it ...
23:03:50.524 [main] INFO  TestCase.TC005_gymResults - Scrolling till the gym and clicking the gym button ...
23:04:10.002 [main] INFO  TestCase.TC005_gymResults - Clicking the subcategory menu and getting and printing the subcategory elements ...
23:41:20.235 [main] INFO  TestCase.TC005_gymResults - Selecting i'm on raoming mode ...
23:41:42.805 [main] INFO  TestCase.TC005_gymResults - Selecting the country : India ...
23:41:58.727 [main] INFO  TestCase.TC005_gymResults - Selecting the city : Bangalore ...
23:42:18.133 [main] INFO  TestCase.TC005_gymResults - Giving the input in the searchbox...
23:42:47.311 [main] INFO  TestCase.TC005_gymResults - Getting the list of Car Washing centers with more than 4* rating ...
23:42:58.127 [main] INFO  TestCase.TC005_gymResults - Clicking on the review button and writing a review ...
23:43:20.050 [main] INFO  TestCase.TC005_gymResults - Clicking on the review button and writing a review ...
23:43:50.542 [main] INFO  TestCase.TC005_gymResults - Clicking on the review button and writing a review ...
23:44:04.287 [main] INFO  TestCase.TC005_gymResults - Clicking on the free listiing button ...
23:44:21.883 [main] INFO  TestCase.TC005_gymResults - Clickcing on the ClickHereToLogin button ...
23:44:33.553 [main] INFO  TestCase.TC005_gymResults - Entering invalid username and password  ...
23:44:37.467 [main] INFO  TestCase.TC005_gymResults - Getting the error message and printing it ...
23:44:43.468 [main] INFO  TestCase.TC005_gymResults - Scrolling till the gym and clicking the gym button ...
23:44:51.044 [main] INFO  TestCase.TC005_gymResults - Clicking the subcategory menu and getting and printing the subcategory elements ...
23:47:35.119 [main] INFO  TestCase.TC005_gymResults - Selecting i'm on raoming mode ...
23:47:57.913 [main] INFO  TestCase.TC005_gymResults - Selecting the country : India ...
23:48:12.323 [main] INFO  TestCase.TC005_gymResults - Selecting the city : Bangalore ...
23:48:47.805 [main] INFO  TestCase.TC005_gymResults - Giving the input in the searchbox...
