22:27:54.157 [main] INFO  TestCase.TC005_gymResults - Clickcing on the ClickHereToLogin button ...
22:28:16.644 [main] INFO  TestCase.TC005_gymResults - Entering invalid username and password  ...
22:28:41.847 [main] INFO  TestCase.TC005_gymResults - Getting the error message and printing it ...
22:29:30.144 [main] INFO  TestCase.TC005_gymResults - Scrolling till the gym and clicking the gym button ...
22:29:37.733 [main] INFO  TestCase.TC005_gymResults - Clicking the subcategory menu and getting and printing the subcategory elements ...
22:34:54.647 [main] INFO  TestCase.TC005_gymResults - Selecting i'm on raoming mode ...
22:34:55.961 [main] INFO  TestCase.TC005_gymResults - Selecting the country : India ...
22:35:03.067 [main] INFO  TestCase.TC005_gymResults - Selecting the city : Bangalore ...
22:35:08.406 [main] INFO  TestCase.TC005_gymResults - Giving the input inthe searchbox...
22:35:31.978 [main] INFO  TestCase.TC005_gymResults - Clicking the search button ...
22:35:56.887 [main] INFO  TestCase.TC005_gymResults - Getting the list of Car Washing centers with more than 4* rating ...
22:36:23.844 [main] INFO  TestCase.TC005_gymResults - Clicking on the review button and writing a review ...
22:36:35.963 [main] INFO  TestCase.TC005_gymResults - Clicking on the report button and writing a report review ...
22:36:40.856 [main] INFO  TestCase.TC005_gymResults - Clicking on the share button and clicking on facebook and twitter button ...
22:36:58.157 [main] INFO  TestCase.TC005_gymResults - Clicking on the free listiing button ...
22:37:24.513 [main] INFO  TestCase.TC005_gymResults - Clickcing on the ClickHereToLogin button ...
22:37:46.860 [main] INFO  TestCase.TC005_gymResults - Entering invalid username and password  ...
22:37:58.448 [main] INFO  TestCase.TC005_gymResults - Getting the error message and printing it ...
22:37:58.486 [main] INFO  TestCase.TC005_gymResults - Scrolling till the gym and clicking the gym button ...
22:37:58.502 [main] INFO  TestCase.TC005_gymResults - Clicking the subcategory menu and getting and printing the subcategory elements ...
22:38:49.287 [main] INFO  TestCase.TC005_gymResults - Selecting i'm on raoming mode ...
22:38:51.848 [main] INFO  TestCase.TC005_gymResults - Selecting the country : India ...
22:38:59.331 [main] INFO  TestCase.TC005_gymResults - Selecting the city : Bangalore ...
22:39:04.914 [main] INFO  TestCase.TC005_gymResults - Giving the input inthe searchbox...
22:39:28.457 [main] INFO  TestCase.TC005_gymResults - Clicking the search button ...
22:39:53.294 [main] INFO  TestCase.TC005_gymResults - Getting the list of Car Washing centers with more than 4* rating ...
22:40:20.921 [main] INFO  TestCase.TC005_gymResults - Clicking on the review button and writing a review ...
22:40:33.939 [main] INFO  TestCase.TC005_gymResults - Clicking on the report button and writing a report review ...
22:40:38.892 [main] INFO  TestCase.TC005_gymResults - Clicking on the share button and clicking on facebook and twitter button ...
22:40:56.347 [main] INFO  TestCase.TC005_gymResults - Clicking on the free listiing button ...
22:41:22.682 [main] INFO  TestCase.TC005_gymResults - Clickcing on the ClickHereToLogin button ...
22:41:45.010 [main] INFO  TestCase.TC005_gymResults - Entering invalid username and password  ...
22:42:10.161 [main] INFO  TestCase.TC005_gymResults - Getting the error message and printing it ...
22:42:58.259 [main] INFO  TestCase.TC005_gymResults - Scrolling till the gym and clicking the gym button ...
22:43:06.552 [main] INFO  TestCase.TC005_gymResults - Clicking the subcategory menu and getting and printing the subcategory elements ...
23:18:13.270 [main] INFO  TestCase.TC005_gymResults - Selecting i'm on raoming mode ...
23:18:17.322 [main] INFO  TestCase.TC005_gymResults - Selecting the country : India ...
23:18:28.103 [main] INFO  TestCase.TC005_gymResults - Selecting the city : Bangalore ...
23:18:36.548 [main] INFO  TestCase.TC005_gymResults - Giving the input inthe searchbox...
23:19:01.901 [main] INFO  TestCase.TC005_gymResults - Clicking the search button ...
23:19:26.859 [main] INFO  TestCase.TC005_gymResults - Getting the list of Car Washing centers with more than 4* rating ...
23:19:55.373 [main] INFO  TestCase.TC005_gymResults - Clicking on the review button and writing a review ...
23:20:10.220 [main] INFO  TestCase.TC005_gymResults - Clicking on the report button and writing a report review ...
23:20:15.460 [main] INFO  TestCase.TC005_gymResults - Clicking on the share button and clicking on facebook and twitter button ...
23:20:34.600 [main] INFO  TestCase.TC005_gymResults - Clicking on the free listiing button ...
23:21:02.957 [main] INFO  TestCase.TC005_gymResults - Clickcing on the ClickHereToLogin button ...
23:21:25.388 [main] INFO  TestCase.TC005_gymResults - Entering invalid username and password  ...
23:21:50.469 [main] INFO  TestCase.TC005_gymResults - Getting the error message and printing it ...
