21:59:05.578 [main] INFO  TestCase.TC005_gymResults - Clicking the subcategory menu and getting and printing the subcategory elements ...
22:06:43.650 [main] INFO  TestCase.TC005_gymResults - Selecting i'm on raoming mode ...
22:07:08.088 [main] INFO  TestCase.TC005_gymResults - Selecting the country : India ...
22:07:31.900 [main] INFO  TestCase.TC005_gymResults - Selecting the city : Bangalore ...
22:07:59.802 [main] INFO  TestCase.TC005_gymResults - Giving the input in the searchbox...
22:08:27.124 [main] INFO  TestCase.TC005_gymResults - Clicking the search button ...
22:08:40.529 [main] INFO  TestCase.TC005_gymResults - Getting the list of Car Washing centers with more than 4* rating ...
22:08:40.620 [main] INFO  TestCase.TC005_gymResults - Clicking on the review button and writing a review ...
22:08:40.802 [main] INFO  TestCase.TC005_gymResults - Clicking on the free listiing button ...
22:08:40.851 [main] INFO  TestCase.TC005_gymResults - Clickcing on the ClickHereToLogin button ...
22:08:40.882 [main] INFO  TestCase.TC005_gymResults - Entering invalid username and password  ...
22:08:40.953 [main] INFO  TestCase.TC005_gymResults - Getting the error message and printing it ...
22:08:41.067 [main] INFO  TestCase.TC005_gymResults - Scrolling till the gym and clicking the gym button ...
22:08:41.118 [main] INFO  TestCase.TC005_gymResults - Clicking the subcategory menu and getting and printing the subcategory elements ...
22:12:58.556 [main] INFO  TestCase.TC005_gymResults - Selecting i'm on raoming mode ...
22:13:16.414 [main] INFO  TestCase.TC005_gymResults - Selecting the country : India ...
22:13:16.438 [main] INFO  TestCase.TC005_gymResults - Selecting the city : Bangalore ...
22:13:16.464 [main] INFO  TestCase.TC005_gymResults - Giving the input in the searchbox...
22:13:16.512 [main] INFO  TestCase.TC005_gymResults - Clicking the search button ...
22:13:16.530 [main] INFO  TestCase.TC005_gymResults - Getting the list of Car Washing centers with more than 4* rating ...
22:13:16.561 [main] INFO  TestCase.TC005_gymResults - Clicking on the review button and writing a review ...
22:13:16.589 [main] INFO  TestCase.TC005_gymResults - Clicking on the free listiing button ...
22:13:16.614 [main] INFO  TestCase.TC005_gymResults - Clickcing on the ClickHereToLogin button ...
22:13:16.659 [main] INFO  TestCase.TC005_gymResults - Entering invalid username and password  ...
22:13:16.680 [main] INFO  TestCase.TC005_gymResults - Getting the error message and printing it ...
22:13:16.730 [main] INFO  TestCase.TC005_gymResults - Scrolling till the gym and clicking the gym button ...
22:13:16.765 [main] INFO  TestCase.TC005_gymResults - Clicking the subcategory menu and getting and printing the subcategory elements ...
22:13:52.471 [main] INFO  TestCase.TC005_gymResults - Selecting i'm on raoming mode ...
22:14:15.986 [main] INFO  TestCase.TC005_gymResults - Selecting the country : India ...
22:14:37.710 [main] INFO  TestCase.TC005_gymResults - Selecting the city : Bangalore ...
22:14:57.772 [main] INFO  TestCase.TC005_gymResults - Giving the input in the searchbox...
22:15:17.819 [main] INFO  TestCase.TC005_gymResults - Clicking the search button ...
22:15:37.910 [main] INFO  TestCase.TC005_gymResults - Getting the list of Car Washing centers with more than 4* rating ...
22:16:21.930 [main] INFO  TestCase.TC005_gymResults - Selecting i'm on raoming mode ...
22:16:46.195 [main] INFO  TestCase.TC005_gymResults - Selecting the country : India ...
22:17:08.540 [main] INFO  TestCase.TC005_gymResults - Selecting the city : Bangalore ...
22:17:32.184 [main] INFO  TestCase.TC005_gymResults - Giving the input in the searchbox...
22:17:57.544 [main] INFO  TestCase.TC005_gymResults - Clicking the search button ...
22:18:22.365 [main] INFO  TestCase.TC005_gymResults - Getting the list of Car Washing centers with more than 4* rating ...
22:18:29.646 [main] INFO  TestCase.TC005_gymResults - Clicking on the review button and writing a review ...
22:19:18.705 [main] INFO  TestCase.TC005_gymResults - Clicking on the free listiing button ...
22:19:48.478 [main] INFO  TestCase.TC005_gymResults - Clickcing on the ClickHereToLogin button ...
22:20:09.917 [main] INFO  TestCase.TC005_gymResults - Entering invalid username and password  ...
22:20:12.884 [main] INFO  TestCase.TC005_gymResults - Getting the error message and printing it ...
22:20:13.806 [main] INFO  TestCase.TC005_gymResults - Scrolling till the gym and clicking the gym button ...
22:20:19.085 [main] INFO  TestCase.TC005_gymResults - Clicking the subcategory menu and getting and printing the subcategory elements ...
22:27:42.422 [main] INFO  TestCase.TC005_gymResults - Selecting i'm on raoming mode ...
22:27:45.958 [main] INFO  TestCase.TC005_gymResults - Selecting the country : India ...
22:28:08.589 [main] INFO  TestCase.TC005_gymResults - Selecting the city : Bangalore ...
22:28:12.790 [main] INFO  TestCase.TC005_gymResults - Giving the input in the searchbox...
