15:21:29.052 [main] INFO  TestCase.TC005_gymResults - Selecting i'm on raoming mode ...
15:21:32.744 [main] INFO  TestCase.TC005_gymResults - Selecting the country : India ...
15:21:38.864 [main] INFO  TestCase.TC005_gymResults - Selecting the city : Bangalore ...
15:21:45.608 [main] INFO  TestCase.TC005_gymResults - Giving the input inthe searchbox...
15:22:09.966 [main] INFO  TestCase.TC005_gymResults - Clicking the search button ...
15:22:35.013 [main] INFO  TestCase.TC005_gymResults - Getting the list of Car Washing centers with more than 4* rating ...
15:23:02.724 [main] INFO  TestCase.TC005_gymResults - Clicking on the review button and writing a review ...
15:23:18.725 [main] INFO  TestCase.TC005_gymResults - Clicking on the free listiing button ...
15:23:46.553 [main] INFO  TestCase.TC005_gymResults - Clickcing on the ClickHereToLogin button ...
15:24:09.163 [main] INFO  TestCase.TC005_gymResults - Entering invalid username and password  ...
15:24:34.432 [main] INFO  TestCase.TC005_gymResults - Getting the error message and printing it ...
15:25:22.191 [main] INFO  TestCase.TC005_gymResults - Scrolling till the gym and clicking the gym button ...
15:25:29.971 [main] INFO  TestCase.TC005_gymResults - Clicking the subcategory menu and getting and printing the subcategory elements ...
15:25:50.115 [main] INFO  TestCase.TC005_gymResults - Selecting i'm on raoming mode ...
15:25:53.127 [main] INFO  TestCase.TC005_gymResults - Selecting the country : India ...
15:25:58.864 [main] INFO  TestCase.TC005_gymResults - Selecting the city : Bangalore ...
15:26:06.976 [main] INFO  TestCase.TC005_gymResults - Giving the input inthe searchbox...
15:26:30.916 [main] INFO  TestCase.TC005_gymResults - Clicking the search button ...
15:27:16.069 [main] INFO  TestCase.TC005_gymResults - Getting the list of Car Washing centers with more than 4* rating ...
15:27:41.473 [main] INFO  TestCase.TC005_gymResults - Clicking on the review button and writing a review ...
15:27:54.184 [main] INFO  TestCase.TC005_gymResults - Clicking on the free listiing button ...
15:28:20.813 [main] INFO  TestCase.TC005_gymResults - Clickcing on the ClickHereToLogin button ...
15:28:43.369 [main] INFO  TestCase.TC005_gymResults - Entering invalid username and password  ...
15:29:10.886 [main] INFO  TestCase.TC005_gymResults - Getting the error message and printing it ...
15:29:13.010 [main] INFO  TestCase.TC005_gymResults - Scrolling till the gym and clicking the gym button ...
15:29:13.025 [main] INFO  TestCase.TC005_gymResults - Clicking the subcategory menu and getting and printing the subcategory elements ...
15:32:56.135 [main] INFO  TestCase.TC005_gymResults - Selecting i'm on raoming mode ...
15:33:13.191 [main] INFO  TestCase.TC005_gymResults - Selecting the country : India ...
15:33:13.221 [main] INFO  TestCase.TC005_gymResults - Selecting the city : Bangalore ...
15:33:13.282 [main] INFO  TestCase.TC005_gymResults - Giving the input in the searchbox...
15:33:13.345 [main] INFO  TestCase.TC005_gymResults - Clicking the search button ...
15:33:14.393 [main] INFO  TestCase.TC005_gymResults - Getting the list of Car Washing centers with more than 4* rating ...
15:33:14.420 [main] INFO  TestCase.TC005_gymResults - Clicking on the review button and writing a review ...
15:33:14.433 [main] INFO  TestCase.TC005_gymResults - Clicking on the free listiing button ...
15:33:14.458 [main] INFO  TestCase.TC005_gymResults - Clickcing on the ClickHereToLogin button ...
15:33:14.481 [main] INFO  TestCase.TC005_gymResults - Entering invalid username and password  ...
15:33:14.500 [main] INFO  TestCase.TC005_gymResults - Getting the error message and printing it ...
15:33:14.536 [main] INFO  TestCase.TC005_gymResults - Scrolling till the gym and clicking the gym button ...
15:33:14.554 [main] INFO  TestCase.TC005_gymResults - Clicking the subcategory menu and getting and printing the subcategory elements ...
15:35:09.456 [main] INFO  TestCase.TC005_gymResults - Selecting i'm on raoming mode ...
15:35:11.316 [main] INFO  TestCase.TC005_gymResults - Selecting the country : India ...
15:35:39.470 [main] INFO  TestCase.TC005_gymResults - Selecting the city : Bangalore ...
15:35:46.830 [main] INFO  TestCase.TC005_gymResults - Giving the input in the searchbox...
15:36:11.782 [main] INFO  TestCase.TC005_gymResults - Clicking the search button ...
15:36:41.866 [main] INFO  TestCase.TC005_gymResults - Getting the list of Car Washing centers with more than 4* rating ...
15:37:09.930 [main] INFO  TestCase.TC005_gymResults - Clicking on the review button and writing a review ...
15:38:44.365 [main] INFO  TestCase.TC005_gymResults - Clicking on the free listiing button ...
15:39:12.753 [main] INFO  TestCase.TC005_gymResults - Clickcing on the ClickHereToLogin button ...
15:39:35.164 [main] INFO  TestCase.TC005_gymResults - Entering invalid username and password  ...
15:40:00.456 [main] INFO  TestCase.TC005_gymResults - Getting the error message and printing it ...
