12:03:35.529 [main] INFO  TestCase.TC005_gymResults - Getting the list of Car Washing centers with more than 4* rating ...
12:03:59.943 [main] INFO  TestCase.TC005_gymResults - Clicking on the review button and writing a review ...
12:04:15.300 [main] INFO  TestCase.TC005_gymResults - Clicking on the report button and writing a report review ...
12:04:19.682 [main] INFO  TestCase.TC005_gymResults - Clicking on the share button and clicking on facebook and twitter button ...
12:04:20.883 [main] INFO  TestCase.TC005_gymResults - Clicking on the free listiing button ...
12:04:22.033 [main] INFO  TestCase.TC005_gymResults - Clickcing on the ClickHereToLogin button ...
12:04:42.097 [main] INFO  TestCase.TC005_gymResults - Entering invalid username and password  ...
12:05:02.285 [main] INFO  TestCase.TC005_gymResults - Getting the error message and printing it ...
12:05:49.738 [main] INFO  TestCase.TC005_gymResults - Scrolling till the gym and clicking the gym button ...
12:06:09.794 [main] INFO  TestCase.TC005_gymResults - Clicking the subcategory menu and getting and printing the subcategory elements ...
12:18:45.536 [main] INFO  TestCase.TC005_gymResults - Selecting i'm on raoming mode ...
12:18:47.776 [main] INFO  TestCase.TC005_gymResults - Selecting the country : India ...
12:19:04.960 [main] INFO  TestCase.TC005_gymResults - Selecting the city : Bangalore ...
12:19:12.412 [main] INFO  TestCase.TC005_gymResults - Giving the input inthe searchbox...
12:19:37.746 [main] INFO  TestCase.TC005_gymResults - Clicking the search button ...
12:20:16.502 [main] INFO  TestCase.TC005_gymResults - Getting the list of Car Washing centers with more than 4* rating ...
12:20:46.713 [main] INFO  TestCase.TC005_gymResults - Clicking on the review button and writing a review ...
12:20:59.775 [main] INFO  TestCase.TC005_gymResults - Clicking on the report button and writing a report review ...
12:21:05.100 [main] INFO  TestCase.TC005_gymResults - Clicking on the share button and clicking on facebook and twitter button ...
12:21:25.437 [main] INFO  TestCase.TC005_gymResults - Clicking on the free listiing button ...
12:21:53.367 [main] INFO  TestCase.TC005_gymResults - Clickcing on the ClickHereToLogin button ...
12:22:15.972 [main] INFO  TestCase.TC005_gymResults - Entering invalid username and password  ...
12:22:41.503 [main] INFO  TestCase.TC005_gymResults - Getting the error message and printing it ...
12:23:29.977 [main] INFO  TestCase.TC005_gymResults - Scrolling till the gym and clicking the gym button ...
12:23:38.218 [main] INFO  TestCase.TC005_gymResults - Clicking the subcategory menu and getting and printing the subcategory elements ...
12:24:00.407 [main] INFO  TestCase.TC005_gymResults - Selecting i'm on raoming mode ...
12:24:02.338 [main] INFO  TestCase.TC005_gymResults - Selecting the country : India ...
12:24:08.039 [main] INFO  TestCase.TC005_gymResults - Selecting the city : Bangalore ...
12:24:14.945 [main] INFO  TestCase.TC005_gymResults - Giving the input inthe searchbox...
12:24:39.075 [main] INFO  TestCase.TC005_gymResults - Clicking the search button ...
12:25:24.681 [main] INFO  TestCase.TC005_gymResults - Getting the list of Car Washing centers with more than 4* rating ...
12:25:51.493 [main] INFO  TestCase.TC005_gymResults - Clicking on the review button and writing a review ...
12:26:03.151 [main] INFO  TestCase.TC005_gymResults - Clicking on the report button and writing a report review ...
12:26:07.790 [main] INFO  TestCase.TC005_gymResults - Clicking on the share button and clicking on facebook and twitter button ...
12:26:09.383 [main] INFO  TestCase.TC005_gymResults - Clicking on the free listiing button ...
12:26:10.599 [main] INFO  TestCase.TC005_gymResults - Clickcing on the ClickHereToLogin button ...
12:26:30.677 [main] INFO  TestCase.TC005_gymResults - Entering invalid username and password  ...
12:26:50.871 [main] INFO  TestCase.TC005_gymResults - Getting the error message and printing it ...
12:27:38.898 [main] INFO  TestCase.TC005_gymResults - Scrolling till the gym and clicking the gym button ...
12:27:58.981 [main] INFO  TestCase.TC005_gymResults - Clicking the subcategory menu and getting and printing the subcategory elements ...
14:23:29.652 [main] INFO  TestCase.TC005_gymResults - Selecting i'm on raoming mode ...
14:23:50.793 [main] INFO  TestCase.TC005_gymResults - Selecting the country : India ...
14:24:17.283 [main] INFO  TestCase.TC005_gymResults - Selecting the city : Bangalore ...
14:24:51.564 [main] INFO  TestCase.TC005_gymResults - Giving the input inthe searchbox...
14:25:14.932 [main] INFO  TestCase.TC005_gymResults - Clicking the search button ...
14:26:14.226 [main] INFO  TestCase.TC005_gymResults - Getting the list of Car Washing centers with more than 4* rating ...
14:26:41.199 [main] INFO  TestCase.TC005_gymResults - Clicking on the review button and writing a review ...
14:27:49.398 [main] INFO  TestCase.TC005_gymResults - Clicking on the report button and writing a report review ...
