21:10:34.973 [main] INFO  TestCase.TC005_gymResults - Scrolling till the gym and clicking the gym button ...
21:10:42.080 [main] INFO  TestCase.TC005_gymResults - Clicking the subcategory menu and getting and printing the subcategory elements ...
21:11:13.669 [main] INFO  TestCase.TC005_gymResults - Selecting i'm on raoming mode ...
21:11:30.009 [main] INFO  TestCase.TC005_gymResults - Selecting the country : India ...
21:11:40.770 [main] INFO  TestCase.TC005_gymResults - Selecting the city : Bangalore ...
21:11:48.873 [main] INFO  TestCase.TC005_gymResults - Giving the input in the searchbox...
21:12:17.161 [main] INFO  TestCase.TC005_gymResults - Getting the list of Car Washing centers with more than 4* rating ...
21:12:24.256 [main] INFO  TestCase.TC005_gymResults - Clicking on the review button and writing a review ...
21:12:44.247 [main] INFO  TestCase.TC005_gymResults - Clicking on the review button and writing a review ...
21:13:07.275 [main] INFO  TestCase.TC005_gymResults - Clicking on the review button and writing a review ...
21:13:21.771 [main] INFO  TestCase.TC005_gymResults - Clicking on the free listiing button ...
21:13:39.698 [main] INFO  TestCase.TC005_gymResults - Clickcing on the ClickHereToLogin button ...
21:13:39.904 [main] INFO  TestCase.TC005_gymResults - Entering invalid username and password  ...
21:13:40.004 [main] INFO  TestCase.TC005_gymResults - Getting the error message and printing it ...
21:13:40.127 [main] INFO  TestCase.TC005_gymResults - Scrolling till the gym and clicking the gym button ...
21:13:40.167 [main] INFO  TestCase.TC005_gymResults - Clicking the subcategory menu and getting and printing the subcategory elements ...
21:14:17.558 [main] INFO  TestCase.TC005_gymResults - Selecting i'm on raoming mode ...
21:14:32.995 [main] INFO  TestCase.TC005_gymResults - Selecting the country : India ...
21:14:49.143 [main] INFO  TestCase.TC005_gymResults - Selecting the city : Bangalore ...
21:15:01.951 [main] INFO  TestCase.TC005_gymResults - Giving the input in the searchbox...
21:15:42.144 [main] INFO  TestCase.TC005_gymResults - Selecting i'm on raoming mode ...
21:15:56.711 [main] INFO  TestCase.TC005_gymResults - Selecting the country : India ...
21:16:07.379 [main] INFO  TestCase.TC005_gymResults - Selecting the city : Bangalore ...
21:16:16.463 [main] INFO  TestCase.TC005_gymResults - Giving the input in the searchbox...
21:16:35.789 [main] INFO  TestCase.TC005_gymResults - Getting the list of Car Washing centers with more than 4* rating ...
21:16:44.597 [main] INFO  TestCase.TC005_gymResults - Clicking on the review button and writing a review ...
21:17:06.391 [main] INFO  TestCase.TC005_gymResults - Clicking on the review button and writing a review ...
21:17:30.424 [main] INFO  TestCase.TC005_gymResults - Clicking on the review button and writing a review ...
21:17:44.134 [main] INFO  TestCase.TC005_gymResults - Clicking on the free listiing button ...
21:17:59.302 [main] INFO  TestCase.TC005_gymResults - Clickcing on the ClickHereToLogin button ...
21:18:10.879 [main] INFO  TestCase.TC005_gymResults - Entering invalid username and password  ...
21:18:14.179 [main] INFO  TestCase.TC005_gymResults - Getting the error message and printing it ...
21:18:22.357 [main] INFO  TestCase.TC005_gymResults - Scrolling till the gym and clicking the gym button ...
21:18:30.175 [main] INFO  TestCase.TC005_gymResults - Clicking the subcategory menu and getting and printing the subcategory elements ...
21:18:59.308 [main] INFO  TestCase.TC005_gymResults - Selecting i'm on raoming mode ...
21:19:15.928 [main] INFO  TestCase.TC005_gymResults - Selecting the country : India ...
21:19:24.919 [main] INFO  TestCase.TC005_gymResults - Selecting the city : Bangalore ...
21:19:33.750 [main] INFO  TestCase.TC005_gymResults - Giving the input in the searchbox...
21:20:01.826 [main] INFO  TestCase.TC005_gymResults - Getting the list of Car Washing centers with more than 4* rating ...
21:20:08.345 [main] INFO  TestCase.TC005_gymResults - Clicking on the review button and writing a review ...
21:20:27.908 [main] INFO  TestCase.TC005_gymResults - Clicking on the review button and writing a review ...
21:20:55.545 [main] INFO  TestCase.TC005_gymResults - Clicking on the review button and writing a review ...
21:21:09.293 [main] INFO  TestCase.TC005_gymResults - Clicking on the free listiing button ...
21:21:24.020 [main] INFO  TestCase.TC005_gymResults - Clickcing on the ClickHereToLogin button ...
21:21:35.535 [main] INFO  TestCase.TC005_gymResults - Entering invalid username and password  ...
21:21:38.791 [main] INFO  TestCase.TC005_gymResults - Getting the error message and printing it ...
21:21:47.669 [main] INFO  TestCase.TC005_gymResults - Scrolling till the gym and clicking the gym button ...
21:21:54.462 [main] INFO  TestCase.TC005_gymResults - Clicking the subcategory menu and getting and printing the subcategory elements ...
09:51:04.280 [main] INFO  TestCase.TC005_gymResults - Selecting i'm on raoming mode ...
