16:02:44.766 [main] INFO  TestCase.TC005_gymResults - Clicking on the review button and writing a review ...
16:03:05.875 [main] INFO  TestCase.TC005_gymResults - Clicking on the review button and writing a review ...
16:03:18.742 [main] INFO  TestCase.TC005_gymResults - Clicking on the free listiing button ...
16:03:40.915 [main] INFO  TestCase.TC005_gymResults - Clickcing on the ClickHereToLogin button ...
16:03:52.492 [main] INFO  TestCase.TC005_gymResults - Entering invalid username and password  ...
16:03:55.775 [main] INFO  TestCase.TC005_gymResults - Getting the error message and printing it ...
16:04:03.036 [main] INFO  TestCase.TC005_gymResults - Scrolling till the gym and clicking the gym button ...
16:04:14.768 [main] INFO  TestCase.TC005_gymResults - Clicking the subcategory menu and getting and printing the subcategory elements ...
20:55:28.592 [main] INFO  TestCase.TC005_gymResults - Selecting i'm on raoming mode ...
20:55:48.824 [main] INFO  TestCase.TC005_gymResults - Selecting the country : India ...
20:56:12.587 [main] INFO  TestCase.TC005_gymResults - Selecting the city : Bangalore ...
20:56:14.067 [main] INFO  TestCase.TC005_gymResults - Giving the input in the searchbox...
20:56:34.215 [main] INFO  TestCase.TC005_gymResults - Getting the list of Car Washing centers with more than 4* rating ...
20:56:44.537 [main] INFO  TestCase.TC005_gymResults - Clicking on the review button and writing a review ...
20:56:48.102 [main] INFO  TestCase.TC005_gymResults - Clicking on the review button and writing a review ...
20:56:48.238 [main] INFO  TestCase.TC005_gymResults - Clicking on the review button and writing a review ...
20:56:48.370 [main] INFO  TestCase.TC005_gymResults - Clicking on the free listiing button ...
20:56:48.523 [main] INFO  TestCase.TC005_gymResults - Clickcing on the ClickHereToLogin button ...
20:56:48.656 [main] INFO  TestCase.TC005_gymResults - Entering invalid username and password  ...
20:56:48.696 [main] INFO  TestCase.TC005_gymResults - Getting the error message and printing it ...
20:56:48.869 [main] INFO  TestCase.TC005_gymResults - Scrolling till the gym and clicking the gym button ...
20:56:48.952 [main] INFO  TestCase.TC005_gymResults - Clicking the subcategory menu and getting and printing the subcategory elements ...
20:57:45.757 [main] INFO  TestCase.TC005_gymResults - Selecting i'm on raoming mode ...
20:58:03.258 [main] INFO  TestCase.TC005_gymResults - Selecting the country : India ...
20:58:23.310 [main] INFO  TestCase.TC005_gymResults - Selecting the city : Bangalore ...
20:58:24.918 [main] INFO  TestCase.TC005_gymResults - Giving the input in the searchbox...
20:58:45.116 [main] INFO  TestCase.TC005_gymResults - Getting the list of Car Washing centers with more than 4* rating ...
20:58:55.285 [main] INFO  TestCase.TC005_gymResults - Clicking on the review button and writing a review ...
21:04:55.234 [main] INFO  TestCase.TC005_gymResults - Selecting i'm on raoming mode ...
21:05:10.271 [main] INFO  TestCase.TC005_gymResults - Selecting the country : India ...
21:05:23.319 [main] INFO  TestCase.TC005_gymResults - Selecting the city : Bangalore ...
21:05:31.644 [main] INFO  TestCase.TC005_gymResults - Giving the input in the searchbox...
21:05:53.777 [main] INFO  TestCase.TC005_gymResults - Getting the list of Car Washing centers with more than 4* rating ...
21:06:08.210 [main] INFO  TestCase.TC005_gymResults - Clicking on the review button and writing a review ...
21:06:36.077 [main] INFO  TestCase.TC005_gymResults - Clicking on the review button and writing a review ...
21:06:50.506 [main] INFO  TestCase.TC005_gymResults - Clicking on the review button and writing a review ...
21:07:01.369 [main] INFO  TestCase.TC005_gymResults - Clicking on the free listiing button ...
21:07:46.561 [main] INFO  TestCase.TC005_gymResults - Selecting i'm on raoming mode ...
21:08:00.968 [main] INFO  TestCase.TC005_gymResults - Selecting the country : India ...
21:08:17.529 [main] INFO  TestCase.TC005_gymResults - Selecting the city : Bangalore ...
21:08:35.806 [main] INFO  TestCase.TC005_gymResults - Giving the input in the searchbox...
21:09:03.618 [main] INFO  TestCase.TC005_gymResults - Getting the list of Car Washing centers with more than 4* rating ...
21:09:11.229 [main] INFO  TestCase.TC005_gymResults - Clicking on the review button and writing a review ...
21:09:26.565 [main] INFO  TestCase.TC005_gymResults - Clicking on the review button and writing a review ...
21:09:50.515 [main] INFO  TestCase.TC005_gymResults - Clicking on the review button and writing a review ...
21:10:03.511 [main] INFO  TestCase.TC005_gymResults - Clicking on the free listiing button ...
21:10:17.517 [main] INFO  TestCase.TC005_gymResults - Clickcing on the ClickHereToLogin button ...
21:10:29.009 [main] INFO  TestCase.TC005_gymResults - Entering invalid username and password  ...
21:10:32.334 [main] INFO  TestCase.TC005_gymResults - Getting the error message and printing it ...
