15:38:06.312 [main] INFO  TestCase.TC005_gymResults - Clicking on the free listiing button ...
15:38:35.491 [main] INFO  TestCase.TC005_gymResults - Clickcing on the ClickHereToLogin button ...
15:38:57.975 [main] INFO  TestCase.TC005_gymResults - Entering invalid username and password  ...
15:39:23.013 [main] INFO  TestCase.TC005_gymResults - Getting the error message and printing it ...
15:40:11.757 [main] INFO  TestCase.TC005_gymResults - Scrolling till the gym and clicking the gym button ...
15:40:20.323 [main] INFO  TestCase.TC005_gymResults - Clicking the subcategory menu and getting and printing the subcategory elements ...
15:40:49.411 [main] INFO  TestCase.TC005_gymResults - Selecting i'm on raoming mode ...
15:41:04.001 [main] INFO  TestCase.TC005_gymResults - Selecting the country : India ...
15:41:13.440 [main] INFO  TestCase.TC005_gymResults - Selecting the city : Bangalore ...
15:41:21.995 [main] INFO  TestCase.TC005_gymResults - Giving the input inthe searchbox...
15:41:45.872 [main] INFO  TestCase.TC005_gymResults - Clicking the search button ...
15:42:36.695 [main] INFO  TestCase.TC005_gymResults - Getting the list of Car Washing centers with more than 4* rating ...
15:43:01.450 [main] INFO  TestCase.TC005_gymResults - Clicking on the review button and writing a review ...
15:43:48.999 [main] INFO  TestCase.TC005_gymResults - Clicking on the free listiing button ...
15:44:20.806 [main] INFO  TestCase.TC005_gymResults - Clickcing on the ClickHereToLogin button ...
15:44:43.203 [main] INFO  TestCase.TC005_gymResults - Entering invalid username and password  ...
15:45:08.301 [main] INFO  TestCase.TC005_gymResults - Getting the error message and printing it ...
15:46:02.622 [main] INFO  TestCase.TC005_gymResults - Scrolling till the gym and clicking the gym button ...
15:46:14.190 [main] INFO  TestCase.TC005_gymResults - Clicking the subcategory menu and getting and printing the subcategory elements ...
16:30:23.630 [main] INFO  TestCase.TC005_gymResults - Selecting i'm on raoming mode ...
16:30:40.116 [main] INFO  TestCase.TC005_gymResults - Selecting the country : India ...
16:30:46.301 [main] INFO  TestCase.TC005_gymResults - Selecting the city : Bangalore ...
16:30:52.590 [main] INFO  TestCase.TC005_gymResults - Giving the input inthe searchbox...
16:31:15.941 [main] INFO  TestCase.TC005_gymResults - Clicking the search button ...
16:31:40.353 [main] INFO  TestCase.TC005_gymResults - Getting the list of Car Washing centers with more than 4* rating ...
16:32:09.799 [main] INFO  TestCase.TC005_gymResults - Clicking on the review button and writing a review ...
16:32:46.988 [main] INFO  TestCase.TC005_gymResults - Clicking on the free listiing button ...
16:33:41.091 [main] INFO  TestCase.TC005_gymResults - Clickcing on the ClickHereToLogin button ...
16:34:03.459 [main] INFO  TestCase.TC005_gymResults - Entering invalid username and password  ...
16:34:28.589 [main] INFO  TestCase.TC005_gymResults - Getting the error message and printing it ...
16:35:15.376 [main] INFO  TestCase.TC005_gymResults - Scrolling till the gym and clicking the gym button ...
16:35:22.820 [main] INFO  TestCase.TC005_gymResults - Clicking the subcategory menu and getting and printing the subcategory elements ...
16:35:45.558 [main] INFO  TestCase.TC005_gymResults - Selecting i'm on raoming mode ...
16:36:06.398 [main] INFO  TestCase.TC005_gymResults - Selecting the country : India ...
16:36:32.295 [main] INFO  TestCase.TC005_gymResults - Selecting the city : Bangalore ...
16:37:07.944 [main] INFO  TestCase.TC005_gymResults - Giving the input inthe searchbox...
16:37:30.988 [main] INFO  TestCase.TC005_gymResults - Clicking the search button ...
16:38:18.434 [main] INFO  TestCase.TC005_gymResults - Getting the list of Car Washing centers with more than 4* rating ...
16:38:43.149 [main] INFO  TestCase.TC005_gymResults - Clicking on the review button and writing a review ...
16:38:57.893 [main] INFO  TestCase.TC005_gymResults - Clicking on the free listiing button ...
16:39:24.475 [main] INFO  TestCase.TC005_gymResults - Clickcing on the ClickHereToLogin button ...
16:39:26.667 [main] INFO  TestCase.TC005_gymResults - Entering invalid username and password  ...
16:39:26.678 [main] INFO  TestCase.TC005_gymResults - Getting the error message and printing it ...
16:39:26.702 [main] INFO  TestCase.TC005_gymResults - Scrolling till the gym and clicking the gym button ...
16:39:26.717 [main] INFO  TestCase.TC005_gymResults - Clicking the subcategory menu and getting and printing the subcategory elements ...
16:39:49.635 [main] INFO  TestCase.TC005_gymResults - Selecting i'm on raoming mode ...
16:39:52.440 [main] INFO  TestCase.TC005_gymResults - Selecting the country : India ...
16:39:57.541 [main] INFO  TestCase.TC005_gymResults - Selecting the city : Bangalore ...
16:40:04.201 [main] INFO  TestCase.TC005_gymResults - Giving the input inthe searchbox...
16:40:28.120 [main] INFO  TestCase.TC005_gymResults - Clicking the search button ...
