22:48:15.883 [main] INFO  TestCase.TC005_gymResults - Selecting i'm on raoming mode ...
22:48:39.664 [main] INFO  TestCase.TC005_gymResults - Selecting the country : India ...
22:48:55.370 [main] INFO  TestCase.TC005_gymResults - Selecting the city : Bangalore ...
22:49:14.676 [main] INFO  TestCase.TC005_gymResults - Giving the input in the searchbox...
22:49:41.186 [main] INFO  TestCase.TC005_gymResults - Getting the list of Car Washing centers with more than 4* rating ...
22:49:50.536 [main] INFO  TestCase.TC005_gymResults - Clicking on the review button and writing a review ...
22:50:46.726 [main] INFO  TestCase.TC005_gymResults - Clicking on the free listiing button ...
22:51:05.064 [main] INFO  TestCase.TC005_gymResults - Clickcing on the ClickHereToLogin button ...
22:51:16.775 [main] INFO  TestCase.TC005_gymResults - Entering invalid username and password  ...
22:51:20.433 [main] INFO  TestCase.TC005_gymResults - Getting the error message and printing it ...
22:51:31.212 [main] INFO  TestCase.TC005_gymResults - Scrolling till the gym and clicking the gym button ...
22:51:39.120 [main] INFO  TestCase.TC005_gymResults - Clicking the subcategory menu and getting and printing the subcategory elements ...
22:52:08.709 [main] INFO  TestCase.TC005_gymResults - Selecting i'm on raoming mode ...
22:52:32.272 [main] INFO  TestCase.TC005_gymResults - Selecting the country : India ...
22:52:47.832 [main] INFO  TestCase.TC005_gymResults - Selecting the city : Bangalore ...
22:53:11.576 [main] INFO  TestCase.TC005_gymResults - Giving the input in the searchbox...
22:53:38.782 [main] INFO  TestCase.TC005_gymResults - Getting the list of Car Washing centers with more than 4* rating ...
22:53:44.795 [main] INFO  TestCase.TC005_gymResults - Clicking on the review button and writing a review ...
22:54:35.748 [main] INFO  TestCase.TC005_gymResults - Clicking on the free listiing button ...
22:54:59.241 [main] INFO  TestCase.TC005_gymResults - Clickcing on the ClickHereToLogin button ...
22:55:10.838 [main] INFO  TestCase.TC005_gymResults - Entering invalid username and password  ...
22:55:14.224 [main] INFO  TestCase.TC005_gymResults - Getting the error message and printing it ...
22:55:18.800 [main] INFO  TestCase.TC005_gymResults - Scrolling till the gym and clicking the gym button ...
22:55:32.219 [main] INFO  TestCase.TC005_gymResults - Clicking the subcategory menu and getting and printing the subcategory elements ...
